0 info it worked if it ends with ok
1 verbose cli [ '/usr/local/bin/node', '/usr/local/bin/npm', 'install', 'yo' ]
2 info using npm@1.4.14
3 info using node@v0.10.29
4 warn package.json partybid@0.0.0 No description
5 warn package.json partybid@0.0.0 No repository field.
6 warn package.json partybid@0.0.0 No README data
7 verbose readDependencies using package.json deps
8 verbose cache add [ 'yo', null ]
9 verbose cache add name=undefined spec="yo" args=["yo",null]
10 verbose parsed url { protocol: null,
10 verbose parsed url   slashes: null,
10 verbose parsed url   auth: null,
10 verbose parsed url   host: null,
10 verbose parsed url   port: null,
10 verbose parsed url   hostname: null,
10 verbose parsed url   hash: null,
10 verbose parsed url   search: null,
10 verbose parsed url   query: null,
10 verbose parsed url   pathname: 'yo',
10 verbose parsed url   path: 'yo',
10 verbose parsed url   href: 'yo' }
11 silly lockFile c41975d1-yo yo
12 verbose lock yo /home/tiny/.npm/c41975d1-yo.lock
13 silly lockFile c41975d1-yo yo
14 silly lockFile c41975d1-yo yo
15 verbose addNamed [ 'yo', '' ]
16 verbose addNamed [ null, '*' ]
17 silly lockFile d937c28e-yo yo@
18 verbose lock yo@ /home/tiny/.npm/d937c28e-yo.lock
19 silly addNameRange { name: 'yo', range: '*', hasData: false }
20 verbose url raw yo
21 verbose url resolving [ 'https://registry.npmjs.org/', './yo' ]
22 verbose url resolved https://registry.npmjs.org/yo
23 info trying registry request attempt 1 at 11:08:48
24 verbose etag "627X42GZVQ86RTCITX0A0MFWX"
25 http GET https://registry.npmjs.org/yo
26 http 304 https://registry.npmjs.org/yo
27 silly registry.get cb [ 304,
27 silly registry.get   { date: 'Thu, 17 Jul 2014 03:08:49 GMT',
27 silly registry.get     server: 'Apache',
27 silly registry.get     via: '1.1 varnish',
27 silly registry.get     'last-modified': 'Thu, 17 Jul 2014 03:08:49 GMT',
27 silly registry.get     'cache-control': 'max-age=30',
27 silly registry.get     etag: '"627X42GZVQ86RTCITX0A0MFWX"',
27 silly registry.get     'x-served-by': 'cache-ty66-TYO',
27 silly registry.get     'x-cache': 'HIT',
27 silly registry.get     'x-cache-hits': '1',
27 silly registry.get     'x-timer': 'S1405566529.354710,VS0,VE140',
27 silly registry.get     vary: 'Accept',
27 silly registry.get     'content-length': '0',
27 silly registry.get     'keep-alive': 'timeout=10, max=50',
27 silly registry.get     connection: 'Keep-Alive' } ]
28 verbose etag yo from cache
29 silly addNameRange number 2 { name: 'yo', range: '*', hasData: true }
30 silly addNameRange versions [ 'yo',
30 silly addNameRange   [ '1.0.0-beta.1',
30 silly addNameRange     '1.0.0-beta.2',
30 silly addNameRange     '1.0.0-beta.3',
30 silly addNameRange     '1.0.0-beta.4',
30 silly addNameRange     '1.0.0-beta.5',
30 silly addNameRange     '1.0.0-beta.6',
30 silly addNameRange     '1.0.0-beta.7',
30 silly addNameRange     '1.0.0-rc.1',
30 silly addNameRange     '1.0.0-rc.1.1',
30 silly addNameRange     '1.0.0-rc.1.2',
30 silly addNameRange     '1.0.0-rc.1.3',
30 silly addNameRange     '1.0.0-rc.1.4',
30 silly addNameRange     '1.0.0',
30 silly addNameRange     '1.0.1',
30 silly addNameRange     '1.0.2',
30 silly addNameRange     '1.0.3',
30 silly addNameRange     '1.0.4',
30 silly addNameRange     '1.0.5',
30 silly addNameRange     '1.0.6',
30 silly addNameRange     '1.0.7-pre.1',
30 silly addNameRange     '1.0.7-pre.2',
30 silly addNameRange     '1.0.7-pre.3',
30 silly addNameRange     '1.1.0',
30 silly addNameRange     '1.1.1',
30 silly addNameRange     '1.1.2',
30 silly addNameRange     '1.2.0' ] ]
31 verbose addNamed [ 'yo', '1.2.0' ]
32 verbose addNamed [ '1.2.0', '1.2.0' ]
33 silly lockFile 43d9b248-yo-1-2-0 yo@1.2.0
34 verbose lock yo@1.2.0 /home/tiny/.npm/43d9b248-yo-1-2-0.lock
35 silly lockFile 43d9b248-yo-1-2-0 yo@1.2.0
36 silly lockFile 43d9b248-yo-1-2-0 yo@1.2.0
37 silly lockFile d937c28e-yo yo@
38 silly lockFile d937c28e-yo yo@
39 silly resolved [ { name: 'yo',
39 silly resolved     version: '1.2.0',
39 silly resolved     description: 'CLI tool for running Yeoman generators',
39 silly resolved     license: 'BSD',
39 silly resolved     bin: { yo: 'cli.js' },
39 silly resolved     author: { name: 'The Yeoman Team' },
39 silly resolved     repository: { type: 'git', url: 'git://github.com/yeoman/yo' },
39 silly resolved     engines: { node: '>=0.10.0', npm: '>=1.4.3' },
39 silly resolved     scripts:
39 silly resolved      { test: 'grunt',
39 silly resolved        postinstall: 'node ./scripts/doctor',
39 silly resolved        postupdate: 'node ./scripts/doctor' },
39 silly resolved     files: [ 'cli.js', 'yoyo.js', 'yeoman.txt', 'scripts' ],
39 silly resolved     keywords:
39 silly resolved      [ 'front-end',
39 silly resolved        'development',
39 silly resolved        'dev',
39 silly resolved        'build',
39 silly resolved        'web',
39 silly resolved        'tool',
39 silly resolved        'cli',
39 silly resolved        'scaffold',
39 silly resolved        'stack',
39 silly resolved        'yeoman',
39 silly resolved        'generator',
39 silly resolved        'app' ],
39 silly resolved     dependencies:
39 silly resolved      { async: '^0.9.0',
39 silly resolved        chalk: '^0.4.0',
39 silly resolved        findup: '^0.1.3',
39 silly resolved        fullname: '^0.1.0',
39 silly resolved        insight: '^0.3.0',
39 silly resolved        'is-root': '^0.1.0',
39 silly resolved        lodash: '^2.4.1',
39 silly resolved        nopt: '^3.0.0',
39 silly resolved        opn: '^0.1.1',
39 silly resolved        shelljs: '^0.3.0',
39 silly resolved        'string-length': '^0.1.2',
39 silly resolved        'sudo-block': '^0.4.0',
39 silly resolved        'update-notifier': '^0.1.3',
39 silly resolved        'yeoman-generator': '^0.17.0',
39 silly resolved        yosay: '^0.2.1' },
39 silly resolved     peerDependencies: { 'grunt-cli': '>=0.1.7', bower: '>=1.0.0' },
39 silly resolved     devDependencies:
39 silly resolved      { grunt: '^0.4.2',
39 silly resolved        'grunt-contrib-jshint': '^0.10.0',
39 silly resolved        'grunt-contrib-watch': '^0.6.1',
39 silly resolved        'grunt-mocha-test': '^0.11.0',
39 silly resolved        mockery: '^1.4.0' },
39 silly resolved     engineStrict: true,
39 silly resolved     preferGlobal: true,
39 silly resolved     bugs: { url: 'https://github.com/yeoman/yo/issues' },
39 silly resolved     homepage: 'https://github.com/yeoman/yo',
39 silly resolved     _id: 'yo@1.2.0',
39 silly resolved     dist:
39 silly resolved      { shasum: 'ce499ba3f06963772d77c03e8daefe8686d8047d',
39 silly resolved        tarball: 'http://registry.npmjs.org/yo/-/yo-1.2.0.tgz' },
39 silly resolved     _from: 'yo@',
39 silly resolved     _npmVersion: '1.4.6',
39 silly resolved     _npmUser: { name: 'sboudrias', email: 'admin@simonboudrias.com' },
39 silly resolved     maintainers: [ [Object], [Object], [Object], [Object], [Object], [Object] ],
39 silly resolved     directories: {},
39 silly resolved     _shasum: 'ce499ba3f06963772d77c03e8daefe8686d8047d',
39 silly resolved     _resolved: 'https://registry.npmjs.org/yo/-/yo-1.2.0.tgz',
39 silly resolved     readme: 'ERROR: No README data found!' } ]
40 info install yo@1.2.0 into /home/tiny/study/Party_bid
41 info installOne yo@1.2.0
42 info /home/tiny/study/Party_bid/node_modules/yo unbuild
43 verbose tar unpack /home/tiny/.npm/yo/1.2.0/package.tgz
44 silly lockFile 03a9d7e5--study-Party-bid-node-modules-yo tar:///home/tiny/study/Party_bid/node_modules/yo
45 verbose lock tar:///home/tiny/study/Party_bid/node_modules/yo /home/tiny/.npm/03a9d7e5--study-Party-bid-node-modules-yo.lock
46 silly lockFile e8f06809-me-tiny-npm-yo-1-2-0-package-tgz tar:///home/tiny/.npm/yo/1.2.0/package.tgz
47 verbose lock tar:///home/tiny/.npm/yo/1.2.0/package.tgz /home/tiny/.npm/e8f06809-me-tiny-npm-yo-1-2-0-package-tgz.lock
48 silly gunzTarPerm modes [ '755', '644' ]
49 silly gunzTarPerm extractEntry package.json
50 silly gunzTarPerm extractEntry cli.js
51 silly gunzTarPerm extractEntry yoyo.js
52 silly gunzTarPerm extractEntry readme.md
53 silly gunzTarPerm extractEntry scripts/doctor.js
54 silly gunzTarPerm extractEntry yeoman.txt
55 silly lockFile 03a9d7e5--study-Party-bid-node-modules-yo tar:///home/tiny/study/Party_bid/node_modules/yo
56 silly lockFile 03a9d7e5--study-Party-bid-node-modules-yo tar:///home/tiny/study/Party_bid/node_modules/yo
57 silly lockFile e8f06809-me-tiny-npm-yo-1-2-0-package-tgz tar:///home/tiny/.npm/yo/1.2.0/package.tgz
58 silly lockFile e8f06809-me-tiny-npm-yo-1-2-0-package-tgz tar:///home/tiny/.npm/yo/1.2.0/package.tgz
59 info preinstall yo@1.2.0
60 verbose readDependencies using package.json deps
61 verbose readDependencies using package.json deps
62 verbose cache add [ 'async@^0.9.0', null ]
63 verbose cache add name=undefined spec="async@^0.9.0" args=["async@^0.9.0",null]
64 verbose parsed url { protocol: null,
64 verbose parsed url   slashes: null,
64 verbose parsed url   auth: null,
64 verbose parsed url   host: null,
64 verbose parsed url   port: null,
64 verbose parsed url   hostname: null,
64 verbose parsed url   hash: null,
64 verbose parsed url   search: null,
64 verbose parsed url   query: null,
64 verbose parsed url   pathname: 'async@^0.9.0',
64 verbose parsed url   path: 'async@^0.9.0',
64 verbose parsed url   href: 'async@^0.9.0' }
65 verbose cache add [ 'chalk@^0.4.0', null ]
66 verbose cache add name=undefined spec="chalk@^0.4.0" args=["chalk@^0.4.0",null]
67 verbose parsed url { protocol: null,
67 verbose parsed url   slashes: null,
67 verbose parsed url   auth: null,
67 verbose parsed url   host: null,
67 verbose parsed url   port: null,
67 verbose parsed url   hostname: null,
67 verbose parsed url   hash: null,
67 verbose parsed url   search: null,
67 verbose parsed url   query: null,
67 verbose parsed url   pathname: 'chalk@^0.4.0',
67 verbose parsed url   path: 'chalk@^0.4.0',
67 verbose parsed url   href: 'chalk@^0.4.0' }
68 verbose cache add name="async" spec="^0.9.0" args=["async","^0.9.0"]
69 verbose parsed url { protocol: null,
69 verbose parsed url   slashes: null,
69 verbose parsed url   auth: null,
69 verbose parsed url   host: null,
69 verbose parsed url   port: null,
69 verbose parsed url   hostname: null,
69 verbose parsed url   hash: null,
69 verbose parsed url   search: null,
69 verbose parsed url   query: null,
69 verbose parsed url   pathname: '^0.9.0',
69 verbose parsed url   path: '^0.9.0',
69 verbose parsed url   href: '^0.9.0' }
70 verbose addNamed [ 'async', '^0.9.0' ]
71 verbose addNamed [ null, '>=0.9.0-0 <0.10.0-0' ]
72 silly lockFile 7f39d2c2-async-0-9-0 async@^0.9.0
73 verbose lock async@^0.9.0 /home/tiny/.npm/7f39d2c2-async-0-9-0.lock
74 verbose cache add name="chalk" spec="^0.4.0" args=["chalk","^0.4.0"]
75 verbose parsed url { protocol: null,
75 verbose parsed url   slashes: null,
75 verbose parsed url   auth: null,
75 verbose parsed url   host: null,
75 verbose parsed url   port: null,
75 verbose parsed url   hostname: null,
75 verbose parsed url   hash: null,
75 verbose parsed url   search: null,
75 verbose parsed url   query: null,
75 verbose parsed url   pathname: '^0.4.0',
75 verbose parsed url   path: '^0.4.0',
75 verbose parsed url   href: '^0.4.0' }
76 verbose addNamed [ 'chalk', '^0.4.0' ]
77 verbose addNamed [ null, '>=0.4.0-0 <0.5.0-0' ]
78 silly lockFile b2f4396d-chalk-0-4-0 chalk@^0.4.0
79 verbose lock chalk@^0.4.0 /home/tiny/.npm/b2f4396d-chalk-0-4-0.lock
80 verbose cache add [ 'findup@^0.1.3', null ]
81 verbose cache add name=undefined spec="findup@^0.1.3" args=["findup@^0.1.3",null]
82 verbose parsed url { protocol: null,
82 verbose parsed url   slashes: null,
82 verbose parsed url   auth: null,
82 verbose parsed url   host: null,
82 verbose parsed url   port: null,
82 verbose parsed url   hostname: null,
82 verbose parsed url   hash: null,
82 verbose parsed url   search: null,
82 verbose parsed url   query: null,
82 verbose parsed url   pathname: 'findup@^0.1.3',
82 verbose parsed url   path: 'findup@^0.1.3',
82 verbose parsed url   href: 'findup@^0.1.3' }
83 verbose cache add [ 'fullname@^0.1.0', null ]
84 verbose cache add name=undefined spec="fullname@^0.1.0" args=["fullname@^0.1.0",null]
85 verbose parsed url { protocol: null,
85 verbose parsed url   slashes: null,
85 verbose parsed url   auth: null,
85 verbose parsed url   host: null,
85 verbose parsed url   port: null,
85 verbose parsed url   hostname: null,
85 verbose parsed url   hash: null,
85 verbose parsed url   search: null,
85 verbose parsed url   query: null,
85 verbose parsed url   pathname: 'fullname@^0.1.0',
85 verbose parsed url   path: 'fullname@^0.1.0',
85 verbose parsed url   href: 'fullname@^0.1.0' }
86 verbose cache add [ 'insight@^0.3.0', null ]
87 verbose cache add name=undefined spec="insight@^0.3.0" args=["insight@^0.3.0",null]
88 verbose parsed url { protocol: null,
88 verbose parsed url   slashes: null,
88 verbose parsed url   auth: null,
88 verbose parsed url   host: null,
88 verbose parsed url   port: null,
88 verbose parsed url   hostname: null,
88 verbose parsed url   hash: null,
88 verbose parsed url   search: null,
88 verbose parsed url   query: null,
88 verbose parsed url   pathname: 'insight@^0.3.0',
88 verbose parsed url   path: 'insight@^0.3.0',
88 verbose parsed url   href: 'insight@^0.3.0' }
89 verbose cache add name="findup" spec="^0.1.3" args=["findup","^0.1.3"]
90 verbose parsed url { protocol: null,
90 verbose parsed url   slashes: null,
90 verbose parsed url   auth: null,
90 verbose parsed url   host: null,
90 verbose parsed url   port: null,
90 verbose parsed url   hostname: null,
90 verbose parsed url   hash: null,
90 verbose parsed url   search: null,
90 verbose parsed url   query: null,
90 verbose parsed url   pathname: '^0.1.3',
90 verbose parsed url   path: '^0.1.3',
90 verbose parsed url   href: '^0.1.3' }
91 verbose addNamed [ 'findup', '^0.1.3' ]
92 verbose addNamed [ null, '>=0.1.3-0 <0.2.0-0' ]
93 silly lockFile 00a3ed0d-findup-0-1-3 findup@^0.1.3
94 verbose lock findup@^0.1.3 /home/tiny/.npm/00a3ed0d-findup-0-1-3.lock
95 verbose cache add name="fullname" spec="^0.1.0" args=["fullname","^0.1.0"]
96 verbose parsed url { protocol: null,
96 verbose parsed url   slashes: null,
96 verbose parsed url   auth: null,
96 verbose parsed url   host: null,
96 verbose parsed url   port: null,
96 verbose parsed url   hostname: null,
96 verbose parsed url   hash: null,
96 verbose parsed url   search: null,
96 verbose parsed url   query: null,
96 verbose parsed url   pathname: '^0.1.0',
96 verbose parsed url   path: '^0.1.0',
96 verbose parsed url   href: '^0.1.0' }
97 verbose addNamed [ 'fullname', '^0.1.0' ]
98 verbose addNamed [ null, '>=0.1.0-0 <0.2.0-0' ]
99 silly lockFile 195bd09f-fullname-0-1-0 fullname@^0.1.0
100 verbose lock fullname@^0.1.0 /home/tiny/.npm/195bd09f-fullname-0-1-0.lock
101 verbose cache add [ 'is-root@^0.1.0', null ]
102 verbose cache add name=undefined spec="is-root@^0.1.0" args=["is-root@^0.1.0",null]
103 verbose parsed url { protocol: null,
103 verbose parsed url   slashes: null,
103 verbose parsed url   auth: null,
103 verbose parsed url   host: null,
103 verbose parsed url   port: null,
103 verbose parsed url   hostname: null,
103 verbose parsed url   hash: null,
103 verbose parsed url   search: null,
103 verbose parsed url   query: null,
103 verbose parsed url   pathname: 'is-root@^0.1.0',
103 verbose parsed url   path: 'is-root@^0.1.0',
103 verbose parsed url   href: 'is-root@^0.1.0' }
104 verbose cache add [ 'lodash@^2.4.1', null ]
105 verbose cache add name=undefined spec="lodash@^2.4.1" args=["lodash@^2.4.1",null]
106 verbose parsed url { protocol: null,
106 verbose parsed url   slashes: null,
106 verbose parsed url   auth: null,
106 verbose parsed url   host: null,
106 verbose parsed url   port: null,
106 verbose parsed url   hostname: null,
106 verbose parsed url   hash: null,
106 verbose parsed url   search: null,
106 verbose parsed url   query: null,
106 verbose parsed url   pathname: 'lodash@^2.4.1',
106 verbose parsed url   path: 'lodash@^2.4.1',
106 verbose parsed url   href: 'lodash@^2.4.1' }
107 verbose cache add name="insight" spec="^0.3.0" args=["insight","^0.3.0"]
108 verbose parsed url { protocol: null,
108 verbose parsed url   slashes: null,
108 verbose parsed url   auth: null,
108 verbose parsed url   host: null,
108 verbose parsed url   port: null,
108 verbose parsed url   hostname: null,
108 verbose parsed url   hash: null,
108 verbose parsed url   search: null,
108 verbose parsed url   query: null,
108 verbose parsed url   pathname: '^0.3.0',
108 verbose parsed url   path: '^0.3.0',
108 verbose parsed url   href: '^0.3.0' }
109 verbose addNamed [ 'insight', '^0.3.0' ]
110 verbose addNamed [ null, '>=0.3.0-0 <0.4.0-0' ]
111 silly lockFile 086212c3-insight-0-3-0 insight@^0.3.0
112 verbose lock insight@^0.3.0 /home/tiny/.npm/086212c3-insight-0-3-0.lock
113 silly addNameRange { name: 'async', range: '>=0.9.0-0 <0.10.0-0', hasData: false }
114 silly addNameRange { name: 'chalk', range: '>=0.4.0-0 <0.5.0-0', hasData: false }
115 verbose cache add name="is-root" spec="^0.1.0" args=["is-root","^0.1.0"]
116 verbose parsed url { protocol: null,
116 verbose parsed url   slashes: null,
116 verbose parsed url   auth: null,
116 verbose parsed url   host: null,
116 verbose parsed url   port: null,
116 verbose parsed url   hostname: null,
116 verbose parsed url   hash: null,
116 verbose parsed url   search: null,
116 verbose parsed url   query: null,
116 verbose parsed url   pathname: '^0.1.0',
116 verbose parsed url   path: '^0.1.0',
116 verbose parsed url   href: '^0.1.0' }
117 verbose addNamed [ 'is-root', '^0.1.0' ]
118 verbose addNamed [ null, '>=0.1.0-0 <0.2.0-0' ]
119 silly lockFile bc397d26-is-root-0-1-0 is-root@^0.1.0
120 verbose lock is-root@^0.1.0 /home/tiny/.npm/bc397d26-is-root-0-1-0.lock
121 verbose cache add [ 'nopt@^3.0.0', null ]
122 verbose cache add name=undefined spec="nopt@^3.0.0" args=["nopt@^3.0.0",null]
123 verbose parsed url { protocol: null,
123 verbose parsed url   slashes: null,
123 verbose parsed url   auth: null,
123 verbose parsed url   host: null,
123 verbose parsed url   port: null,
123 verbose parsed url   hostname: null,
123 verbose parsed url   hash: null,
123 verbose parsed url   search: null,
123 verbose parsed url   query: null,
123 verbose parsed url   pathname: 'nopt@^3.0.0',
123 verbose parsed url   path: 'nopt@^3.0.0',
123 verbose parsed url   href: 'nopt@^3.0.0' }
124 verbose cache add [ 'opn@^0.1.1', null ]
125 verbose cache add name=undefined spec="opn@^0.1.1" args=["opn@^0.1.1",null]
126 verbose parsed url { protocol: null,
126 verbose parsed url   slashes: null,
126 verbose parsed url   auth: null,
126 verbose parsed url   host: null,
126 verbose parsed url   port: null,
126 verbose parsed url   hostname: null,
126 verbose parsed url   hash: null,
126 verbose parsed url   search: null,
126 verbose parsed url   query: null,
126 verbose parsed url   pathname: 'opn@^0.1.1',
126 verbose parsed url   path: 'opn@^0.1.1',
126 verbose parsed url   href: 'opn@^0.1.1' }
127 verbose cache add [ 'shelljs@^0.3.0', null ]
128 verbose cache add name=undefined spec="shelljs@^0.3.0" args=["shelljs@^0.3.0",null]
129 verbose parsed url { protocol: null,
129 verbose parsed url   slashes: null,
129 verbose parsed url   auth: null,
129 verbose parsed url   host: null,
129 verbose parsed url   port: null,
129 verbose parsed url   hostname: null,
129 verbose parsed url   hash: null,
129 verbose parsed url   search: null,
129 verbose parsed url   query: null,
129 verbose parsed url   pathname: 'shelljs@^0.3.0',
129 verbose parsed url   path: 'shelljs@^0.3.0',
129 verbose parsed url   href: 'shelljs@^0.3.0' }
130 verbose cache add [ 'string-length@^0.1.2', null ]
131 verbose cache add name=undefined spec="string-length@^0.1.2" args=["string-length@^0.1.2",null]
132 verbose parsed url { protocol: null,
132 verbose parsed url   slashes: null,
132 verbose parsed url   auth: null,
132 verbose parsed url   host: null,
132 verbose parsed url   port: null,
132 verbose parsed url   hostname: null,
132 verbose parsed url   hash: null,
132 verbose parsed url   search: null,
132 verbose parsed url   query: null,
132 verbose parsed url   pathname: 'string-length@^0.1.2',
132 verbose parsed url   path: 'string-length@^0.1.2',
132 verbose parsed url   href: 'string-length@^0.1.2' }
133 verbose cache add name="lodash" spec="^2.4.1" args=["lodash","^2.4.1"]
134 verbose parsed url { protocol: null,
134 verbose parsed url   slashes: null,
134 verbose parsed url   auth: null,
134 verbose parsed url   host: null,
134 verbose parsed url   port: null,
134 verbose parsed url   hostname: null,
134 verbose parsed url   hash: null,
134 verbose parsed url   search: null,
134 verbose parsed url   query: null,
134 verbose parsed url   pathname: '^2.4.1',
134 verbose parsed url   path: '^2.4.1',
134 verbose parsed url   href: '^2.4.1' }
135 verbose addNamed [ 'lodash', '^2.4.1' ]
136 verbose addNamed [ null, '>=2.4.1-0 <3.0.0-0' ]
137 silly lockFile 59759450-lodash-2-4-1 lodash@^2.4.1
138 verbose lock lodash@^2.4.1 /home/tiny/.npm/59759450-lodash-2-4-1.lock
139 silly addNameRange { name: 'findup', range: '>=0.1.3-0 <0.2.0-0', hasData: false }
140 silly addNameRange { name: 'fullname', range: '>=0.1.0-0 <0.2.0-0', hasData: false }
141 verbose cache add name="nopt" spec="^3.0.0" args=["nopt","^3.0.0"]
142 verbose parsed url { protocol: null,
142 verbose parsed url   slashes: null,
142 verbose parsed url   auth: null,
142 verbose parsed url   host: null,
142 verbose parsed url   port: null,
142 verbose parsed url   hostname: null,
142 verbose parsed url   hash: null,
142 verbose parsed url   search: null,
142 verbose parsed url   query: null,
142 verbose parsed url   pathname: '^3.0.0',
142 verbose parsed url   path: '^3.0.0',
142 verbose parsed url   href: '^3.0.0' }
143 verbose addNamed [ 'nopt', '^3.0.0' ]
144 verbose addNamed [ null, '>=3.0.0-0 <4.0.0-0' ]
145 silly lockFile 8380067c-nopt-3-0-0 nopt@^3.0.0
146 verbose lock nopt@^3.0.0 /home/tiny/.npm/8380067c-nopt-3-0-0.lock
147 verbose cache add name="opn" spec="^0.1.1" args=["opn","^0.1.1"]
148 verbose parsed url { protocol: null,
148 verbose parsed url   slashes: null,
148 verbose parsed url   auth: null,
148 verbose parsed url   host: null,
148 verbose parsed url   port: null,
148 verbose parsed url   hostname: null,
148 verbose parsed url   hash: null,
148 verbose parsed url   search: null,
148 verbose parsed url   query: null,
148 verbose parsed url   pathname: '^0.1.1',
148 verbose parsed url   path: '^0.1.1',
148 verbose parsed url   href: '^0.1.1' }
149 verbose addNamed [ 'opn', '^0.1.1' ]
150 verbose addNamed [ null, '>=0.1.1-0 <0.2.0-0' ]
151 silly lockFile 4ecb2975-opn-0-1-1 opn@^0.1.1
152 verbose lock opn@^0.1.1 /home/tiny/.npm/4ecb2975-opn-0-1-1.lock
153 verbose cache add name="shelljs" spec="^0.3.0" args=["shelljs","^0.3.0"]
154 verbose parsed url { protocol: null,
154 verbose parsed url   slashes: null,
154 verbose parsed url   auth: null,
154 verbose parsed url   host: null,
154 verbose parsed url   port: null,
154 verbose parsed url   hostname: null,
154 verbose parsed url   hash: null,
154 verbose parsed url   search: null,
154 verbose parsed url   query: null,
154 verbose parsed url   pathname: '^0.3.0',
154 verbose parsed url   path: '^0.3.0',
154 verbose parsed url   href: '^0.3.0' }
155 verbose addNamed [ 'shelljs', '^0.3.0' ]
156 verbose addNamed [ null, '>=0.3.0-0 <0.4.0-0' ]
157 silly lockFile 1ddaa962-shelljs-0-3-0 shelljs@^0.3.0
158 verbose lock shelljs@^0.3.0 /home/tiny/.npm/1ddaa962-shelljs-0-3-0.lock
159 verbose cache add [ 'sudo-block@^0.4.0', null ]
160 verbose cache add name=undefined spec="sudo-block@^0.4.0" args=["sudo-block@^0.4.0",null]
161 verbose parsed url { protocol: null,
161 verbose parsed url   slashes: null,
161 verbose parsed url   auth: null,
161 verbose parsed url   host: null,
161 verbose parsed url   port: null,
161 verbose parsed url   hostname: null,
161 verbose parsed url   hash: null,
161 verbose parsed url   search: null,
161 verbose parsed url   query: null,
161 verbose parsed url   pathname: 'sudo-block@^0.4.0',
161 verbose parsed url   path: 'sudo-block@^0.4.0',
161 verbose parsed url   href: 'sudo-block@^0.4.0' }
162 verbose cache add [ 'update-notifier@^0.1.3', null ]
163 verbose cache add name=undefined spec="update-notifier@^0.1.3" args=["update-notifier@^0.1.3",null]
164 verbose parsed url { protocol: null,
164 verbose parsed url   slashes: null,
164 verbose parsed url   auth: null,
164 verbose parsed url   host: null,
164 verbose parsed url   port: null,
164 verbose parsed url   hostname: null,
164 verbose parsed url   hash: null,
164 verbose parsed url   search: null,
164 verbose parsed url   query: null,
164 verbose parsed url   pathname: 'update-notifier@^0.1.3',
164 verbose parsed url   path: 'update-notifier@^0.1.3',
164 verbose parsed url   href: 'update-notifier@^0.1.3' }
165 verbose cache add [ 'yeoman-generator@^0.17.0', null ]
166 verbose cache add name=undefined spec="yeoman-generator@^0.17.0" args=["yeoman-generator@^0.17.0",null]
167 verbose parsed url { protocol: null,
167 verbose parsed url   slashes: null,
167 verbose parsed url   auth: null,
167 verbose parsed url   host: null,
167 verbose parsed url   port: null,
167 verbose parsed url   hostname: null,
167 verbose parsed url   hash: null,
167 verbose parsed url   search: null,
167 verbose parsed url   query: null,
167 verbose parsed url   pathname: 'yeoman-generator@^0.17.0',
167 verbose parsed url   path: 'yeoman-generator@^0.17.0',
167 verbose parsed url   href: 'yeoman-generator@^0.17.0' }
168 verbose cache add [ 'yosay@^0.2.1', null ]
169 verbose cache add name=undefined spec="yosay@^0.2.1" args=["yosay@^0.2.1",null]
170 verbose parsed url { protocol: null,
170 verbose parsed url   slashes: null,
170 verbose parsed url   auth: null,
170 verbose parsed url   host: null,
170 verbose parsed url   port: null,
170 verbose parsed url   hostname: null,
170 verbose parsed url   hash: null,
170 verbose parsed url   search: null,
170 verbose parsed url   query: null,
170 verbose parsed url   pathname: 'yosay@^0.2.1',
170 verbose parsed url   path: 'yosay@^0.2.1',
170 verbose parsed url   href: 'yosay@^0.2.1' }
171 verbose cache add name="string-length" spec="^0.1.2" args=["string-length","^0.1.2"]
172 verbose parsed url { protocol: null,
172 verbose parsed url   slashes: null,
172 verbose parsed url   auth: null,
172 verbose parsed url   host: null,
172 verbose parsed url   port: null,
172 verbose parsed url   hostname: null,
172 verbose parsed url   hash: null,
172 verbose parsed url   search: null,
172 verbose parsed url   query: null,
172 verbose parsed url   pathname: '^0.1.2',
172 verbose parsed url   path: '^0.1.2',
172 verbose parsed url   href: '^0.1.2' }
173 verbose addNamed [ 'string-length', '^0.1.2' ]
174 verbose addNamed [ null, '>=0.1.2-0 <0.2.0-0' ]
175 silly lockFile 61b96d80-string-length-0-1-2 string-length@^0.1.2
176 verbose lock string-length@^0.1.2 /home/tiny/.npm/61b96d80-string-length-0-1-2.lock
177 silly addNameRange { name: 'insight', range: '>=0.3.0-0 <0.4.0-0', hasData: false }
178 silly addNameRange { name: 'is-root', range: '>=0.1.0-0 <0.2.0-0', hasData: false }
179 verbose cache add name="sudo-block" spec="^0.4.0" args=["sudo-block","^0.4.0"]
180 verbose parsed url { protocol: null,
180 verbose parsed url   slashes: null,
180 verbose parsed url   auth: null,
180 verbose parsed url   host: null,
180 verbose parsed url   port: null,
180 verbose parsed url   hostname: null,
180 verbose parsed url   hash: null,
180 verbose parsed url   search: null,
180 verbose parsed url   query: null,
180 verbose parsed url   pathname: '^0.4.0',
180 verbose parsed url   path: '^0.4.0',
180 verbose parsed url   href: '^0.4.0' }
181 verbose addNamed [ 'sudo-block', '^0.4.0' ]
182 verbose addNamed [ null, '>=0.4.0-0 <0.5.0-0' ]
183 silly lockFile 7ee4d005-sudo-block-0-4-0 sudo-block@^0.4.0
184 verbose lock sudo-block@^0.4.0 /home/tiny/.npm/7ee4d005-sudo-block-0-4-0.lock
185 verbose cache add name="update-notifier" spec="^0.1.3" args=["update-notifier","^0.1.3"]
186 verbose parsed url { protocol: null,
186 verbose parsed url   slashes: null,
186 verbose parsed url   auth: null,
186 verbose parsed url   host: null,
186 verbose parsed url   port: null,
186 verbose parsed url   hostname: null,
186 verbose parsed url   hash: null,
186 verbose parsed url   search: null,
186 verbose parsed url   query: null,
186 verbose parsed url   pathname: '^0.1.3',
186 verbose parsed url   path: '^0.1.3',
186 verbose parsed url   href: '^0.1.3' }
187 verbose addNamed [ 'update-notifier', '^0.1.3' ]
188 verbose addNamed [ null, '>=0.1.3-0 <0.2.0-0' ]
189 silly lockFile 99a0c2cd-update-notifier-0-1-3 update-notifier@^0.1.3
190 verbose lock update-notifier@^0.1.3 /home/tiny/.npm/99a0c2cd-update-notifier-0-1-3.lock
191 verbose cache add name="yeoman-generator" spec="^0.17.0" args=["yeoman-generator","^0.17.0"]
192 verbose parsed url { protocol: null,
192 verbose parsed url   slashes: null,
192 verbose parsed url   auth: null,
192 verbose parsed url   host: null,
192 verbose parsed url   port: null,
192 verbose parsed url   hostname: null,
192 verbose parsed url   hash: null,
192 verbose parsed url   search: null,
192 verbose parsed url   query: null,
192 verbose parsed url   pathname: '^0.17.0',
192 verbose parsed url   path: '^0.17.0',
192 verbose parsed url   href: '^0.17.0' }
193 verbose addNamed [ 'yeoman-generator', '^0.17.0' ]
194 verbose addNamed [ null, '>=0.17.0-0 <0.18.0-0' ]
195 silly lockFile 6bfcf0c0-yeoman-generator-0-17-0 yeoman-generator@^0.17.0
196 verbose lock yeoman-generator@^0.17.0 /home/tiny/.npm/6bfcf0c0-yeoman-generator-0-17-0.lock
197 verbose cache add name="yosay" spec="^0.2.1" args=["yosay","^0.2.1"]
198 verbose parsed url { protocol: null,
198 verbose parsed url   slashes: null,
198 verbose parsed url   auth: null,
198 verbose parsed url   host: null,
198 verbose parsed url   port: null,
198 verbose parsed url   hostname: null,
198 verbose parsed url   hash: null,
198 verbose parsed url   search: null,
198 verbose parsed url   query: null,
198 verbose parsed url   pathname: '^0.2.1',
198 verbose parsed url   path: '^0.2.1',
198 verbose parsed url   href: '^0.2.1' }
199 verbose addNamed [ 'yosay', '^0.2.1' ]
200 verbose addNamed [ null, '>=0.2.1-0 <0.3.0-0' ]
201 silly lockFile 2c62b37d-yosay-0-2-1 yosay@^0.2.1
202 verbose lock yosay@^0.2.1 /home/tiny/.npm/2c62b37d-yosay-0-2-1.lock
203 silly addNameRange { name: 'lodash', range: '>=2.4.1-0 <3.0.0-0', hasData: false }
204 silly addNameRange { name: 'nopt', range: '>=3.0.0-0 <4.0.0-0', hasData: false }
205 silly addNameRange { name: 'opn', range: '>=0.1.1-0 <0.2.0-0', hasData: false }
206 silly addNameRange { name: 'shelljs', range: '>=0.3.0-0 <0.4.0-0', hasData: false }
207 silly addNameRange { name: 'string-length',
207 silly addNameRange   range: '>=0.1.2-0 <0.2.0-0',
207 silly addNameRange   hasData: false }
208 silly addNameRange { name: 'sudo-block',
208 silly addNameRange   range: '>=0.4.0-0 <0.5.0-0',
208 silly addNameRange   hasData: false }
209 silly addNameRange { name: 'update-notifier',
209 silly addNameRange   range: '>=0.1.3-0 <0.2.0-0',
209 silly addNameRange   hasData: false }
210 silly addNameRange { name: 'yeoman-generator',
210 silly addNameRange   range: '>=0.17.0-0 <0.18.0-0',
210 silly addNameRange   hasData: false }
211 silly addNameRange { name: 'yosay', range: '>=0.2.1-0 <0.3.0-0', hasData: false }
212 verbose url raw findup
213 verbose url resolving [ 'https://registry.npmjs.org/', './findup' ]
214 verbose url resolved https://registry.npmjs.org/findup
215 info trying registry request attempt 1 at 11:08:49
216 verbose etag "5715A4PGOK6RT4GT1A1YLU5JF"
217 http GET https://registry.npmjs.org/findup
218 verbose url raw async
219 verbose url resolving [ 'https://registry.npmjs.org/', './async' ]
220 verbose url resolved https://registry.npmjs.org/async
221 info trying registry request attempt 1 at 11:08:49
222 verbose etag "A7MMWR8Y0H7GCNHYNOCASGU87"
223 http GET https://registry.npmjs.org/async
224 verbose url raw chalk
225 verbose url resolving [ 'https://registry.npmjs.org/', './chalk' ]
226 verbose url resolved https://registry.npmjs.org/chalk
227 info trying registry request attempt 1 at 11:08:49
228 verbose etag "BF68UWEO9YALZUO3TKLP8VWHY"
229 http GET https://registry.npmjs.org/chalk
230 verbose url raw fullname
231 verbose url resolving [ 'https://registry.npmjs.org/', './fullname' ]
232 verbose url resolved https://registry.npmjs.org/fullname
233 info trying registry request attempt 1 at 11:08:49
234 verbose etag "8HN874W52VEKZIPTDRPBU3XCA"
235 http GET https://registry.npmjs.org/fullname
236 verbose url raw insight
237 verbose url resolving [ 'https://registry.npmjs.org/', './insight' ]
238 verbose url resolved https://registry.npmjs.org/insight
239 info trying registry request attempt 1 at 11:08:49
240 verbose etag "EEQ13CN46VMJTVE55352A1FGR"
241 http GET https://registry.npmjs.org/insight
242 verbose url raw is-root
243 verbose url resolving [ 'https://registry.npmjs.org/', './is-root' ]
244 verbose url resolved https://registry.npmjs.org/is-root
245 info trying registry request attempt 1 at 11:08:49
246 verbose etag "BZM8C9E2CGQ8MCJGUN6FK4NCC"
247 http GET https://registry.npmjs.org/is-root
248 verbose url raw lodash
249 verbose url resolving [ 'https://registry.npmjs.org/', './lodash' ]
250 verbose url resolved https://registry.npmjs.org/lodash
251 info trying registry request attempt 1 at 11:08:49
252 verbose etag "1SBOWN4XJ6N54WYEHJTKT5VAP"
253 http GET https://registry.npmjs.org/lodash
254 verbose url raw nopt
255 verbose url resolving [ 'https://registry.npmjs.org/', './nopt' ]
256 verbose url resolved https://registry.npmjs.org/nopt
257 info trying registry request attempt 1 at 11:08:50
258 verbose etag "5D0JNA9NFAY71ZAANMNUNVL3U"
259 http GET https://registry.npmjs.org/nopt
260 verbose url raw shelljs
261 verbose url resolving [ 'https://registry.npmjs.org/', './shelljs' ]
262 verbose url resolved https://registry.npmjs.org/shelljs
263 info trying registry request attempt 1 at 11:08:50
264 verbose etag "8N3HI1MPQ6QM6J8DPQTKRZG3L"
265 http GET https://registry.npmjs.org/shelljs
266 verbose url raw opn
267 verbose url resolving [ 'https://registry.npmjs.org/', './opn' ]
268 verbose url resolved https://registry.npmjs.org/opn
269 info trying registry request attempt 1 at 11:08:50
270 verbose etag "BOX311F3RTG9OU8DHKMH2S0QN"
271 http GET https://registry.npmjs.org/opn
272 verbose url raw string-length
273 verbose url resolving [ 'https://registry.npmjs.org/', './string-length' ]
274 verbose url resolved https://registry.npmjs.org/string-length
275 info trying registry request attempt 1 at 11:08:50
276 verbose etag "A8RW9GKPPZV7259V1GCXVQI0H"
277 http GET https://registry.npmjs.org/string-length
278 verbose url raw sudo-block
279 verbose url resolving [ 'https://registry.npmjs.org/', './sudo-block' ]
280 verbose url resolved https://registry.npmjs.org/sudo-block
281 info trying registry request attempt 1 at 11:08:50
282 verbose etag "9D33JX9D4J11L0SKNE92UHUSR"
283 http GET https://registry.npmjs.org/sudo-block
284 verbose url raw update-notifier
285 verbose url resolving [ 'https://registry.npmjs.org/', './update-notifier' ]
286 verbose url resolved https://registry.npmjs.org/update-notifier
287 info trying registry request attempt 1 at 11:08:50
288 verbose etag "65UVSDQYF2XECTOO4AC24PTH1"
289 http GET https://registry.npmjs.org/update-notifier
290 verbose url raw yosay
291 verbose url resolving [ 'https://registry.npmjs.org/', './yosay' ]
292 verbose url resolved https://registry.npmjs.org/yosay
293 info trying registry request attempt 1 at 11:08:50
294 verbose etag "36SMQFOFKXUW4K4QXWR1DPKGV"
295 http GET https://registry.npmjs.org/yosay
296 verbose url raw yeoman-generator
297 verbose url resolving [ 'https://registry.npmjs.org/', './yeoman-generator' ]
298 verbose url resolved https://registry.npmjs.org/yeoman-generator
299 info trying registry request attempt 1 at 11:08:50
300 verbose etag "1YHTSYUS6Q4YFBKLRJ50USG79"
301 http GET https://registry.npmjs.org/yeoman-generator
302 http 304 https://registry.npmjs.org/chalk
303 silly registry.get cb [ 304,
303 silly registry.get   { date: 'Thu, 17 Jul 2014 03:08:50 GMT',
303 silly registry.get     server: 'Apache',
303 silly registry.get     via: '1.1 varnish',
303 silly registry.get     'last-modified': 'Thu, 17 Jul 2014 03:08:02 GMT',
303 silly registry.get     'cache-control': 'max-age=30',
303 silly registry.get     etag: '"BF68UWEO9YALZUO3TKLP8VWHY"',
303 silly registry.get     'x-served-by': 'cache-ty67-TYO',
303 silly registry.get     'x-cache': 'HIT',
303 silly registry.get     'x-cache-hits': '6',
303 silly registry.get     'x-timer': 'S1405566530.300373,VS0,VE0',
303 silly registry.get     vary: 'Accept',
303 silly registry.get     'content-length': '0',
303 silly registry.get     'keep-alive': 'timeout=10, max=50',
303 silly registry.get     connection: 'Keep-Alive' } ]
304 verbose etag chalk from cache
305 silly addNameRange number 2 { name: 'chalk', range: '>=0.4.0-0 <0.5.0-0', hasData: true }
306 silly addNameRange versions [ 'chalk',
306 silly addNameRange   [ '0.1.0',
306 silly addNameRange     '0.1.1',
306 silly addNameRange     '0.2.0',
306 silly addNameRange     '0.2.1',
306 silly addNameRange     '0.3.0',
306 silly addNameRange     '0.4.0',
306 silly addNameRange     '0.5.0',
306 silly addNameRange     '0.5.1' ] ]
307 verbose addNamed [ 'chalk', '0.4.0' ]
308 verbose addNamed [ '0.4.0', '0.4.0' ]
309 silly lockFile 1efe4790-chalk-0-4-0 chalk@0.4.0
310 verbose lock chalk@0.4.0 /home/tiny/.npm/1efe4790-chalk-0-4-0.lock
311 silly lockFile 1efe4790-chalk-0-4-0 chalk@0.4.0
312 silly lockFile 1efe4790-chalk-0-4-0 chalk@0.4.0
313 silly lockFile b2f4396d-chalk-0-4-0 chalk@^0.4.0
314 silly lockFile b2f4396d-chalk-0-4-0 chalk@^0.4.0
315 verbose about to build /home/tiny/study/Party_bid/node_modules/yo
316 info /home/tiny/study/Party_bid/node_modules/yo unbuild
317 info preuninstall yo@1.2.0
318 info uninstall yo@1.2.0
319 verbose true,/home/tiny/study/Party_bid/node_modules,/home/tiny/study/Party_bid/node_modules unbuild yo@1.2.0
320 verbose /home/tiny/study/Party_bid/node_modules/.bin,[object Object] binRoot
321 info postuninstall yo@1.2.0
322 error Error: EACCES, open '/home/tiny/.npm/chalk/0.4.0/package/package.json'
322 error  { [Error: EACCES, open '/home/tiny/.npm/chalk/0.4.0/package/package.json']
322 error   errno: 3,
322 error   code: 'EACCES',
322 error   path: '/home/tiny/.npm/chalk/0.4.0/package/package.json',
322 error   parent: 'yo' }
323 error Please try running this command again as root/Administrator.
324 error System Linux 3.8.0-19-generic
325 error command "/usr/local/bin/node" "/usr/local/bin/npm" "install" "yo"
326 error cwd /home/tiny/study/Party_bid
327 error node -v v0.10.29
328 error npm -v 1.4.14
329 error path /home/tiny/.npm/chalk/0.4.0/package/package.json
330 error code EACCES
331 error errno 3
332 error stack Error: EACCES, open '/home/tiny/.npm/chalk/0.4.0/package/package.json'
333 verbose exit [ 3, true ]
